2024-09-09 17:00:13,634 - INFO - Crawling page: https://cyphers.nexon.com/article/tip?page=1
2024-09-09 17:00:14,189 - INFO - No links found with the keyword "궁극기" on page 1.
2024-09-09 17:00:14,190 - INFO - Crawling page: https://cyphers.nexon.com/article/tip?page=2
2024-09-09 17:00:14,342 - INFO - No links found with the keyword "궁극기" on page 2.
2024-09-09 17:00:14,342 - INFO - Crawling page: https://cyphers.nexon.com/article/tip?page=3
2024-09-09 17:00:14,687 - INFO - No links found with the keyword "궁극기" on page 3.
2024-09-09 17:00:14,687 - INFO - Crawling page: https://cyphers.nexon.com/article/tip?page=4
2024-09-09 17:00:15,064 - INFO - No links found with the keyword "궁극기" on page 4.
2024-09-09 17:00:15,064 - INFO - Crawling page: https://cyphers.nexon.com/article/tip?page=5
2024-09-09 17:00:16,448 - INFO - No links found with the keyword "궁극기" on page 5.
2024-09-09 17:03:08,582 - INFO - Crawling page: https://cyphers.nexon.com/article/tip?page=1
2024-09-09 17:03:09,320 - INFO - No links found with the keyword "탱커" on page 1.
2024-09-09 17:03:09,321 - INFO - Crawling page: https://cyphers.nexon.com/article/tip?page=2
2024-09-09 17:03:09,568 - INFO - No links found with the keyword "탱커" on page 2.
2024-09-09 17:03:09,568 - INFO - Crawling page: https://cyphers.nexon.com/article/tip?page=3
2024-09-09 17:03:09,892 - INFO - No links found with the keyword "탱커" on page 3.
2024-09-09 17:03:09,893 - INFO - Crawling page: https://cyphers.nexon.com/article/tip?page=4
2024-09-09 17:03:10,237 - INFO - No links found with the keyword "탱커" on page 4.
2024-09-09 17:03:10,238 - INFO - Crawling page: https://cyphers.nexon.com/article/tip?page=5
2024-09-09 17:03:10,680 - INFO - No links found with the keyword "탱커" on page 5.
2024-09-09 17:03:10,680 - INFO - Crawling page: https://cyphers.nexon.com/article/tip?page=6
2024-09-09 17:03:11,495 - INFO - No links found with the keyword "탱커" on page 6.
2024-09-09 17:03:11,495 - INFO - Crawling page: https://cyphers.nexon.com/article/tip?page=7
2024-09-09 17:03:11,718 - INFO - No links found with the keyword "탱커" on page 7.
2024-09-09 17:03:11,718 - INFO - Crawling page: https://cyphers.nexon.com/article/tip?page=8
2024-09-09 17:03:12,418 - INFO - No links found with the keyword "탱커" on page 8.
2024-09-09 17:03:12,418 - INFO - Crawling page: https://cyphers.nexon.com/article/tip?page=9
2024-09-09 17:03:12,882 - INFO - No links found with the keyword "탱커" on page 9.
2024-09-09 17:03:12,882 - INFO - Crawling page: https://cyphers.nexon.com/article/tip?page=10
2024-09-09 17:03:12,951 - INFO - No links found with the keyword "탱커" on page 10.
2024-09-09 17:03:12,952 - INFO - Crawling page: https://cyphers.nexon.com/article/tip?page=11
2024-09-09 17:03:13,101 - INFO - No links found with the keyword "탱커" on page 11.
2024-09-09 17:03:13,101 - INFO - Crawling page: https://cyphers.nexon.com/article/tip?page=12
2024-09-09 17:03:13,797 - INFO - No links found with the keyword "탱커" on page 12.
2024-09-09 17:03:13,797 - INFO - Crawling page: https://cyphers.nexon.com/article/tip?page=13
2024-09-09 17:03:13,904 - INFO - No links found with the keyword "탱커" on page 13.
2024-09-09 17:03:13,904 - INFO - Crawling page: https://cyphers.nexon.com/article/tip?page=14
2024-09-09 17:03:14,487 - INFO - No links found with the keyword "탱커" on page 14.
2024-09-09 17:03:14,487 - INFO - Crawling page: https://cyphers.nexon.com/article/tip?page=15
2024-09-09 17:03:14,782 - INFO - No links found with the keyword "탱커" on page 15.
2024-09-09 17:03:14,782 - INFO - Crawling page: https://cyphers.nexon.com/article/tip?page=16
2024-09-09 17:03:14,960 - INFO - No links found with the keyword "탱커" on page 16.
2024-09-09 17:03:14,960 - INFO - Crawling page: https://cyphers.nexon.com/article/tip?page=17
2024-09-09 17:03:15,061 - INFO - No links found with the keyword "탱커" on page 17.
2024-09-09 17:03:15,061 - INFO - Crawling page: https://cyphers.nexon.com/article/tip?page=18
2024-09-09 17:03:15,244 - INFO - No links found with the keyword "탱커" on page 18.
2024-09-09 17:03:15,244 - INFO - Crawling page: https://cyphers.nexon.com/article/tip?page=19
2024-09-09 17:03:15,350 - INFO - No links found with the keyword "탱커" on page 19.
2024-09-09 17:03:15,350 - INFO - Crawling page: https://cyphers.nexon.com/article/tip?page=20
2024-09-09 17:03:15,419 - INFO - No links found with the keyword "탱커" on page 20.
2024-09-09 17:03:15,419 - INFO - Crawling page: https://cyphers.nexon.com/article/tip?page=21
2024-09-09 17:03:15,814 - INFO - No links found with the keyword "탱커" on page 21.
2024-09-09 17:03:15,815 - INFO - Crawling page: https://cyphers.nexon.com/article/tip?page=22
2024-09-09 17:03:15,898 - INFO - No links found with the keyword "탱커" on page 22.
2024-09-09 17:03:15,898 - INFO - Crawling page: https://cyphers.nexon.com/article/tip?page=23
2024-09-09 17:03:16,193 - INFO - No links found with the keyword "탱커" on page 23.
2024-09-09 17:03:16,193 - INFO - Crawling page: https://cyphers.nexon.com/article/tip?page=24
2024-09-09 17:03:16,266 - INFO - No links found with the keyword "탱커" on page 24.
2024-09-09 17:03:16,266 - INFO - Crawling page: https://cyphers.nexon.com/article/tip?page=25
2024-09-09 17:03:16,640 - INFO - No links found with the keyword "탱커" on page 25.
2024-09-09 17:03:16,640 - INFO - Crawling page: https://cyphers.nexon.com/article/tip?page=26
2024-09-09 17:03:16,804 - INFO - No links found with the keyword "탱커" on page 26.
2024-09-09 17:03:16,804 - INFO - Crawling page: https://cyphers.nexon.com/article/tip?page=27
2024-09-09 17:03:17,291 - INFO - No links found with the keyword "탱커" on page 27.
2024-09-09 17:03:17,291 - INFO - Crawling page: https://cyphers.nexon.com/article/tip?page=28
2024-09-09 17:03:17,718 - INFO - No links found with the keyword "탱커" on page 28.
2024-09-09 17:03:17,718 - INFO - Crawling page: https://cyphers.nexon.com/article/tip?page=29
2024-09-09 17:03:18,083 - INFO - No links found with the keyword "탱커" on page 29.
2024-09-09 17:03:18,083 - INFO - Crawling page: https://cyphers.nexon.com/article/tip?page=30
2024-09-09 17:03:18,431 - INFO - No links found with the keyword "탱커" on page 30.
2024-09-09 17:03:18,431 - INFO - Crawling page: https://cyphers.nexon.com/article/tip?page=31
2024-09-09 17:03:18,548 - INFO - No links found with the keyword "탱커" on page 31.
2024-09-09 17:03:18,548 - INFO - Crawling page: https://cyphers.nexon.com/article/tip?page=32
2024-09-09 17:03:18,726 - INFO - No links found with the keyword "탱커" on page 32.
2024-09-09 17:03:18,726 - INFO - Crawling page: https://cyphers.nexon.com/article/tip?page=33
2024-09-09 17:03:18,876 - INFO - No links found with the keyword "탱커" on page 33.
2024-09-09 17:03:18,876 - INFO - Crawling page: https://cyphers.nexon.com/article/tip?page=34
2024-09-09 17:03:19,238 - INFO - No links found with the keyword "탱커" on page 34.
2024-09-09 17:03:19,238 - INFO - Crawling page: https://cyphers.nexon.com/article/tip?page=35
2024-09-09 17:03:19,429 - INFO - No links found with the keyword "탱커" on page 35.
2024-09-09 17:03:19,430 - INFO - Crawling page: https://cyphers.nexon.com/article/tip?page=36
2024-09-09 17:03:19,520 - INFO - No links found with the keyword "탱커" on page 36.
2024-09-09 17:03:19,521 - INFO - Crawling page: https://cyphers.nexon.com/article/tip?page=37
2024-09-09 17:03:19,841 - INFO - No links found with the keyword "탱커" on page 37.
2024-09-09 17:03:19,841 - INFO - Crawling page: https://cyphers.nexon.com/article/tip?page=38
2024-09-09 17:03:19,930 - INFO - No links found with the keyword "탱커" on page 38.
2024-09-09 17:03:19,931 - INFO - Crawling page: https://cyphers.nexon.com/article/tip?page=39
2024-09-09 17:03:20,285 - INFO - No links found with the keyword "탱커" on page 39.
2024-09-09 17:03:20,286 - INFO - Crawling page: https://cyphers.nexon.com/article/tip?page=40
2024-09-09 17:03:20,702 - INFO - No links found with the keyword "탱커" on page 40.
2024-09-09 17:03:20,702 - INFO - Crawling page: https://cyphers.nexon.com/article/tip?page=41
2024-09-09 17:03:20,893 - INFO - No links found with the keyword "탱커" on page 41.
2024-09-09 17:03:20,894 - INFO - Crawling page: https://cyphers.nexon.com/article/tip?page=42
2024-09-09 17:03:21,271 - INFO - No links found with the keyword "탱커" on page 42.
2024-09-09 17:03:21,271 - INFO - Crawling page: https://cyphers.nexon.com/article/tip?page=43
2024-09-09 17:03:21,333 - INFO - No links found with the keyword "탱커" on page 43.
2024-09-09 17:03:21,333 - INFO - Crawling page: https://cyphers.nexon.com/article/tip?page=44
2024-09-09 17:03:21,406 - INFO - No links found with the keyword "탱커" on page 44.
2024-09-09 17:03:21,406 - INFO - Crawling page: https://cyphers.nexon.com/article/tip?page=45
2024-09-09 17:03:21,773 - INFO - No links found with the keyword "탱커" on page 45.
2024-09-09 17:03:21,774 - INFO - Crawling page: https://cyphers.nexon.com/article/tip?page=46
2024-09-09 17:03:22,161 - INFO - No links found with the keyword "탱커" on page 46.
2024-09-09 17:03:22,162 - INFO - Crawling page: https://cyphers.nexon.com/article/tip?page=47
2024-09-09 17:03:22,354 - INFO - No links found with the keyword "탱커" on page 47.
2024-09-09 17:03:22,354 - INFO - Crawling page: https://cyphers.nexon.com/article/tip?page=48
2024-09-09 17:03:22,650 - INFO - No links found with the keyword "탱커" on page 48.
2024-09-09 17:03:22,650 - INFO - Crawling page: https://cyphers.nexon.com/article/tip?page=49
2024-09-09 17:03:22,741 - INFO - No links found with the keyword "탱커" on page 49.
2024-09-09 17:03:22,741 - INFO - Crawling page: https://cyphers.nexon.com/article/tip?page=50
2024-09-09 17:03:23,048 - INFO - No links found with the keyword "탱커" on page 50.
2024-09-09 17:03:23,048 - INFO - Crawling page: https://cyphers.nexon.com/article/tip?page=51
2024-09-09 17:03:23,504 - INFO - No links found with the keyword "탱커" on page 51.
2024-09-09 17:03:23,505 - INFO - Crawling page: https://cyphers.nexon.com/article/tip?page=52
2024-09-09 17:03:23,704 - INFO - No links found with the keyword "탱커" on page 52.
2024-09-09 17:03:23,704 - INFO - Crawling page: https://cyphers.nexon.com/article/tip?page=53
2024-09-09 17:03:23,989 - INFO - No links found with the keyword "탱커" on page 53.
2024-09-09 17:03:23,989 - INFO - Crawling page: https://cyphers.nexon.com/article/tip?page=54
2024-09-09 17:03:24,180 - INFO - No links found with the keyword "탱커" on page 54.
2024-09-09 17:03:24,180 - INFO - Crawling page: https://cyphers.nexon.com/article/tip?page=55
2024-09-09 17:03:24,467 - INFO - No links found with the keyword "탱커" on page 55.
2024-09-09 17:03:24,467 - INFO - Crawling page: https://cyphers.nexon.com/article/tip?page=56
2024-09-09 17:03:24,559 - INFO - No links found with the keyword "탱커" on page 56.
2024-09-09 17:03:24,560 - INFO - Crawling page: https://cyphers.nexon.com/article/tip?page=57
2024-09-09 17:03:24,891 - INFO - No links found with the keyword "탱커" on page 57.
2024-09-09 17:03:24,891 - INFO - Crawling page: https://cyphers.nexon.com/article/tip?page=58
2024-09-09 17:03:25,052 - INFO - No links found with the keyword "탱커" on page 58.
2024-09-09 17:03:25,052 - INFO - Crawling page: https://cyphers.nexon.com/article/tip?page=59
2024-09-09 17:03:25,121 - INFO - No links found with the keyword "탱커" on page 59.
2024-09-09 17:03:25,121 - INFO - Crawling page: https://cyphers.nexon.com/article/tip?page=60
2024-09-09 17:03:25,430 - INFO - No links found with the keyword "탱커" on page 60.
2024-09-09 17:03:25,430 - INFO - Crawling page: https://cyphers.nexon.com/article/tip?page=61
2024-09-09 17:03:25,759 - INFO - No links found with the keyword "탱커" on page 61.
2024-09-09 17:03:25,759 - INFO - Crawling page: https://cyphers.nexon.com/article/tip?page=62
2024-09-09 17:03:25,924 - INFO - No links found with the keyword "탱커" on page 62.
2024-09-09 17:03:25,924 - INFO - Crawling page: https://cyphers.nexon.com/article/tip?page=63
2024-09-09 17:03:26,043 - INFO - No links found with the keyword "탱커" on page 63.
2024-09-09 17:03:26,044 - INFO - Crawling page: https://cyphers.nexon.com/article/tip?page=64
2024-09-09 17:03:26,361 - INFO - No links found with the keyword "탱커" on page 64.
2024-09-09 17:03:26,361 - INFO - Crawling page: https://cyphers.nexon.com/article/tip?page=65
2024-09-09 17:03:26,473 - INFO - No links found with the keyword "탱커" on page 65.
2024-09-09 17:03:26,473 - INFO - Crawling page: https://cyphers.nexon.com/article/tip?page=66
2024-09-09 17:03:26,566 - INFO - No links found with the keyword "탱커" on page 66.
2024-09-09 17:03:26,567 - INFO - Crawling page: https://cyphers.nexon.com/article/tip?page=67
2024-09-09 17:03:26,861 - INFO - No links found with the keyword "탱커" on page 67.
2024-09-09 17:03:26,861 - INFO - Crawling page: https://cyphers.nexon.com/article/tip?page=68
2024-09-09 17:03:26,931 - INFO - No links found with the keyword "탱커" on page 68.
2024-09-09 17:03:26,931 - INFO - Crawling page: https://cyphers.nexon.com/article/tip?page=69
2024-09-09 17:03:26,995 - INFO - No links found with the keyword "탱커" on page 69.
2024-09-09 17:03:26,995 - INFO - Crawling page: https://cyphers.nexon.com/article/tip?page=70
2024-09-09 17:03:27,424 - INFO - No links found with the keyword "탱커" on page 70.
2024-09-09 17:03:27,424 - INFO - Crawling page: https://cyphers.nexon.com/article/tip?page=71
2024-09-09 17:03:27,497 - INFO - No links found with the keyword "탱커" on page 71.
2024-09-09 17:03:27,498 - INFO - Crawling page: https://cyphers.nexon.com/article/tip?page=72
2024-09-09 17:03:27,820 - INFO - No links found with the keyword "탱커" on page 72.
2024-09-09 17:03:27,820 - INFO - Crawling page: https://cyphers.nexon.com/article/tip?page=73
2024-09-09 17:03:27,964 - INFO - No links found with the keyword "탱커" on page 73.
2024-09-09 17:03:27,964 - INFO - Crawling page: https://cyphers.nexon.com/article/tip?page=74
2024-09-09 17:03:28,729 - INFO - No links found with the keyword "탱커" on page 74.
2024-09-09 17:03:28,729 - INFO - Crawling page: https://cyphers.nexon.com/article/tip?page=75
2024-09-09 17:03:28,980 - INFO - No links found with the keyword "탱커" on page 75.
2024-09-09 17:03:28,980 - INFO - Crawling page: https://cyphers.nexon.com/article/tip?page=76
2024-09-09 17:03:29,358 - INFO - No links found with the keyword "탱커" on page 76.
2024-09-09 17:03:29,358 - INFO - Crawling page: https://cyphers.nexon.com/article/tip?page=77
2024-09-09 17:03:29,714 - INFO - No links found with the keyword "탱커" on page 77.
2024-09-09 17:03:29,714 - INFO - Crawling page: https://cyphers.nexon.com/article/tip?page=78
2024-09-09 17:03:29,810 - INFO - No links found with the keyword "탱커" on page 78.
2024-09-09 17:03:29,810 - INFO - Crawling page: https://cyphers.nexon.com/article/tip?page=79
2024-09-09 17:03:29,876 - INFO - No links found with the keyword "탱커" on page 79.
2024-09-09 17:03:29,876 - INFO - Crawling page: https://cyphers.nexon.com/article/tip?page=80
2024-09-09 17:03:30,633 - INFO - No links found with the keyword "탱커" on page 80.
2024-09-09 17:03:30,634 - INFO - Crawling page: https://cyphers.nexon.com/article/tip?page=81
2024-09-09 17:03:30,749 - INFO - No links found with the keyword "탱커" on page 81.
2024-09-09 17:03:30,749 - INFO - Crawling page: https://cyphers.nexon.com/article/tip?page=82
2024-09-09 17:03:31,035 - INFO - No links found with the keyword "탱커" on page 82.
2024-09-09 17:03:31,036 - INFO - Crawling page: https://cyphers.nexon.com/article/tip?page=83
2024-09-09 17:03:31,308 - INFO - No links found with the keyword "탱커" on page 83.
2024-09-09 17:03:31,309 - INFO - Crawling page: https://cyphers.nexon.com/article/tip?page=84
2024-09-09 17:03:31,558 - INFO - No links found with the keyword "탱커" on page 84.
2024-09-09 17:03:31,558 - INFO - Crawling page: https://cyphers.nexon.com/article/tip?page=85
2024-09-09 17:03:31,930 - INFO - No links found with the keyword "탱커" on page 85.
2024-09-09 17:03:31,930 - INFO - Crawling page: https://cyphers.nexon.com/article/tip?page=86
2024-09-09 17:03:32,030 - INFO - No links found with the keyword "탱커" on page 86.
2024-09-09 17:03:32,030 - INFO - Crawling page: https://cyphers.nexon.com/article/tip?page=87
2024-09-09 17:03:32,532 - INFO - No links found with the keyword "탱커" on page 87.
2024-09-09 17:03:32,532 - INFO - Crawling page: https://cyphers.nexon.com/article/tip?page=88
2024-09-09 17:03:32,614 - INFO - No links found with the keyword "탱커" on page 88.
2024-09-09 17:03:32,614 - INFO - Crawling page: https://cyphers.nexon.com/article/tip?page=89
2024-09-09 17:03:32,991 - INFO - No links found with the keyword "탱커" on page 89.
2024-09-09 17:03:32,992 - INFO - Crawling page: https://cyphers.nexon.com/article/tip?page=90
2024-09-09 17:03:33,109 - INFO - No links found with the keyword "탱커" on page 90.
2024-09-09 17:03:33,109 - INFO - Crawling page: https://cyphers.nexon.com/article/tip?page=91
2024-09-09 17:03:33,429 - INFO - No links found with the keyword "탱커" on page 91.
2024-09-09 17:03:33,429 - INFO - Crawling page: https://cyphers.nexon.com/article/tip?page=92
2024-09-09 17:03:33,707 - INFO - No links found with the keyword "탱커" on page 92.
2024-09-09 17:03:33,708 - INFO - Crawling page: https://cyphers.nexon.com/article/tip?page=93
2024-09-09 17:03:34,070 - INFO - No links found with the keyword "탱커" on page 93.
2024-09-09 17:03:34,071 - INFO - Crawling page: https://cyphers.nexon.com/article/tip?page=94
2024-09-09 17:03:34,318 - INFO - No links found with the keyword "탱커" on page 94.
2024-09-09 17:03:34,319 - INFO - Crawling page: https://cyphers.nexon.com/article/tip?page=95
2024-09-09 17:03:34,758 - INFO - No links found with the keyword "탱커" on page 95.
2024-09-09 17:03:34,758 - INFO - Crawling page: https://cyphers.nexon.com/article/tip?page=96
2024-09-09 17:03:34,880 - INFO - No links found with the keyword "탱커" on page 96.
2024-09-09 17:03:34,880 - INFO - Crawling page: https://cyphers.nexon.com/article/tip?page=97
2024-09-09 17:03:35,195 - INFO - No links found with the keyword "탱커" on page 97.
2024-09-09 17:03:35,195 - INFO - Crawling page: https://cyphers.nexon.com/article/tip?page=98
2024-09-09 17:03:35,484 - INFO - No links found with the keyword "탱커" on page 98.
2024-09-09 17:03:35,484 - INFO - Crawling page: https://cyphers.nexon.com/article/tip?page=99
2024-09-09 17:03:35,574 - INFO - No links found with the keyword "탱커" on page 99.
2024-09-09 17:03:35,574 - INFO - Crawling page: https://cyphers.nexon.com/article/tip?page=100
2024-09-09 17:03:35,960 - INFO - No links found with the keyword "탱커" on page 100.
2024-09-09 17:15:12,816 - INFO - Crawling page: https://cyphers.nexon.com/article/tip?page=1
2024-09-09 17:15:12,969 - INFO - No links found with the keyword "탱커" in title on page 1.
2024-09-09 17:15:12,969 - INFO - Crawling page: https://cyphers.nexon.com/article/tip?page=2
2024-09-09 17:15:13,429 - INFO - No links found with the keyword "탱커" in title on page 2.
2024-09-09 17:15:13,429 - INFO - Crawling page: https://cyphers.nexon.com/article/tip?page=3
2024-09-09 17:15:14,018 - INFO - No links found with the keyword "탱커" in title on page 3.
2024-09-09 17:15:14,019 - INFO - Crawling page: https://cyphers.nexon.com/article/tip?page=4
2024-09-09 17:15:14,159 - INFO - No links found with the keyword "탱커" in title on page 4.
2024-09-09 17:15:14,159 - INFO - Crawling page: https://cyphers.nexon.com/article/tip?page=5
2024-09-09 17:15:14,344 - INFO - No links found with the keyword "탱커" in title on page 5.
2024-09-09 17:19:26,664 - INFO - Crawling page: https://cyphers.nexon.com/article/tip?page=1
2024-09-09 17:19:26,877 - INFO - No links found with the keyword "탱커" in title on page 1.
2024-09-09 17:19:26,877 - INFO - Crawling page: https://cyphers.nexon.com/article/tip?page=2
2024-09-09 17:19:27,259 - INFO - No links found with the keyword "탱커" in title on page 2.
2024-09-09 17:19:27,259 - INFO - Crawling page: https://cyphers.nexon.com/article/tip?page=3
2024-09-09 17:19:27,372 - INFO - No links found with the keyword "탱커" in title on page 3.
2024-09-09 17:19:27,373 - INFO - Crawling page: https://cyphers.nexon.com/article/tip?page=4
2024-09-09 17:19:27,723 - INFO - No links found with the keyword "탱커" in title on page 4.
2024-09-09 17:19:27,723 - INFO - Crawling page: https://cyphers.nexon.com/article/tip?page=5
2024-09-09 17:19:28,269 - INFO - No links found with the keyword "탱커" in title on page 5.
2024-09-09 17:19:28,270 - INFO - Crawling page: https://cyphers.nexon.com/article/tip?page=6
2024-09-09 17:19:28,728 - INFO - No links found with the keyword "탱커" in title on page 6.
2024-09-09 17:19:28,728 - INFO - Crawling page: https://cyphers.nexon.com/article/tip?page=7
2024-09-09 17:19:29,189 - INFO - No links found with the keyword "탱커" in title on page 7.
2024-09-09 17:19:29,189 - INFO - Crawling page: https://cyphers.nexon.com/article/tip?page=8
2024-09-09 17:19:29,612 - INFO - No links found with the keyword "탱커" in title on page 8.
2024-09-09 17:19:29,612 - INFO - Crawling page: https://cyphers.nexon.com/article/tip?page=9
2024-09-09 17:19:29,686 - INFO - No links found with the keyword "탱커" in title on page 9.
2024-09-09 17:19:29,686 - INFO - Crawling page: https://cyphers.nexon.com/article/tip?page=10
2024-09-09 17:19:30,040 - INFO - No links found with the keyword "탱커" in title on page 10.
2024-09-09 17:19:30,040 - INFO - Crawling page: https://cyphers.nexon.com/article/tip?page=11
2024-09-09 17:19:30,182 - INFO - No links found with the keyword "탱커" in title on page 11.
2024-09-09 17:19:30,182 - INFO - Crawling page: https://cyphers.nexon.com/article/tip?page=12
2024-09-09 17:19:30,545 - INFO - No links found with the keyword "탱커" in title on page 12.
2024-09-09 17:19:30,545 - INFO - Crawling page: https://cyphers.nexon.com/article/tip?page=13
2024-09-09 17:19:30,967 - INFO - No links found with the keyword "탱커" in title on page 13.
2024-09-09 17:19:30,967 - INFO - Crawling page: https://cyphers.nexon.com/article/tip?page=14
2024-09-09 17:19:31,359 - INFO - No links found with the keyword "탱커" in title on page 14.
2024-09-09 17:19:31,359 - INFO - Crawling page: https://cyphers.nexon.com/article/tip?page=15
2024-09-09 17:19:31,462 - INFO - No links found with the keyword "탱커" in title on page 15.
2024-09-09 17:19:31,462 - INFO - Crawling page: https://cyphers.nexon.com/article/tip?page=16
2024-09-09 17:19:31,530 - INFO - No links found with the keyword "탱커" in title on page 16.
2024-09-09 17:19:31,530 - INFO - Crawling page: https://cyphers.nexon.com/article/tip?page=17
2024-09-09 17:19:31,883 - INFO - No links found with the keyword "탱커" in title on page 17.
2024-09-09 17:19:31,883 - INFO - Crawling page: https://cyphers.nexon.com/article/tip?page=18
2024-09-09 17:19:31,974 - INFO - No links found with the keyword "탱커" in title on page 18.
2024-09-09 17:19:31,975 - INFO - Crawling page: https://cyphers.nexon.com/article/tip?page=19
2024-09-09 17:19:32,447 - INFO - No links found with the keyword "탱커" in title on page 19.
2024-09-09 17:19:32,447 - INFO - Crawling page: https://cyphers.nexon.com/article/tip?page=20
2024-09-09 17:19:32,756 - INFO - No links found with the keyword "탱커" in title on page 20.
2024-09-09 17:19:32,756 - INFO - Crawling page: https://cyphers.nexon.com/article/tip?page=21
2024-09-09 17:19:33,373 - INFO - No links found with the keyword "탱커" in title on page 21.
2024-09-09 17:19:33,374 - INFO - Crawling page: https://cyphers.nexon.com/article/tip?page=22
2024-09-09 17:19:33,471 - INFO - No links found with the keyword "탱커" in title on page 22.
2024-09-09 17:19:33,471 - INFO - Crawling page: https://cyphers.nexon.com/article/tip?page=23
2024-09-09 17:19:33,936 - INFO - No links found with the keyword "탱커" in title on page 23.
2024-09-09 17:19:33,936 - INFO - Crawling page: https://cyphers.nexon.com/article/tip?page=24
2024-09-09 17:19:34,640 - INFO - No links found with the keyword "탱커" in title on page 24.
2024-09-09 17:19:34,640 - INFO - Crawling page: https://cyphers.nexon.com/article/tip?page=25
2024-09-09 17:19:35,078 - INFO - No links found with the keyword "탱커" in title on page 25.
2024-09-09 17:19:35,079 - INFO - Crawling page: https://cyphers.nexon.com/article/tip?page=26
2024-09-09 17:19:35,536 - INFO - No links found with the keyword "탱커" in title on page 26.
2024-09-09 17:19:35,536 - INFO - Crawling page: https://cyphers.nexon.com/article/tip?page=27
2024-09-09 17:19:36,207 - INFO - No links found with the keyword "탱커" in title on page 27.
2024-09-09 17:19:36,207 - INFO - Crawling page: https://cyphers.nexon.com/article/tip?page=28
2024-09-09 17:19:36,604 - INFO - No links found with the keyword "탱커" in title on page 28.
2024-09-09 17:19:36,604 - INFO - Crawling page: https://cyphers.nexon.com/article/tip?page=29
2024-09-09 17:19:37,016 - INFO - No links found with the keyword "탱커" in title on page 29.
2024-09-09 17:19:37,016 - INFO - Crawling page: https://cyphers.nexon.com/article/tip?page=30
2024-09-09 17:19:37,494 - INFO - No links found with the keyword "탱커" in title on page 30.
2024-09-09 17:19:37,494 - INFO - Crawling page: https://cyphers.nexon.com/article/tip?page=31
2024-09-09 17:19:37,977 - INFO - No links found with the keyword "탱커" in title on page 31.
2024-09-09 17:19:37,977 - INFO - Crawling page: https://cyphers.nexon.com/article/tip?page=32
2024-09-09 17:19:38,400 - INFO - No links found with the keyword "탱커" in title on page 32.
2024-09-09 17:19:38,400 - INFO - Crawling page: https://cyphers.nexon.com/article/tip?page=33
2024-09-09 17:19:38,495 - INFO - No links found with the keyword "탱커" in title on page 33.
2024-09-09 17:19:38,496 - INFO - Crawling page: https://cyphers.nexon.com/article/tip?page=34
2024-09-09 17:19:38,566 - INFO - No links found with the keyword "탱커" in title on page 34.
2024-09-09 17:19:38,566 - INFO - Crawling page: https://cyphers.nexon.com/article/tip?page=35
2024-09-09 17:19:38,873 - INFO - No links found with the keyword "탱커" in title on page 35.
2024-09-09 17:19:38,873 - INFO - Crawling page: https://cyphers.nexon.com/article/tip?page=36
2024-09-09 17:19:38,966 - INFO - No links found with the keyword "탱커" in title on page 36.
2024-09-09 17:19:38,966 - INFO - Crawling page: https://cyphers.nexon.com/article/tip?page=37
2024-09-09 17:19:39,075 - INFO - No links found with the keyword "탱커" in title on page 37.
2024-09-09 17:19:39,075 - INFO - Crawling page: https://cyphers.nexon.com/article/tip?page=38
2024-09-09 17:19:39,314 - INFO - No links found with the keyword "탱커" in title on page 38.
2024-09-09 17:19:39,314 - INFO - Crawling page: https://cyphers.nexon.com/article/tip?page=39
2024-09-09 17:19:39,391 - INFO - No links found with the keyword "탱커" in title on page 39.
2024-09-09 17:19:39,391 - INFO - Crawling page: https://cyphers.nexon.com/article/tip?page=40
2024-09-09 17:19:39,740 - INFO - No links found with the keyword "탱커" in title on page 40.
2024-09-09 17:19:39,740 - INFO - Crawling page: https://cyphers.nexon.com/article/tip?page=41
2024-09-09 17:19:39,809 - INFO - No links found with the keyword "탱커" in title on page 41.
2024-09-09 17:19:39,810 - INFO - Crawling page: https://cyphers.nexon.com/article/tip?page=42
2024-09-09 17:19:40,180 - INFO - No links found with the keyword "탱커" in title on page 42.
2024-09-09 17:19:40,180 - INFO - Crawling page: https://cyphers.nexon.com/article/tip?page=43
2024-09-09 17:19:40,269 - INFO - No links found with the keyword "탱커" in title on page 43.
2024-09-09 17:19:40,269 - INFO - Crawling page: https://cyphers.nexon.com/article/tip?page=44
2024-09-09 17:19:40,683 - INFO - No links found with the keyword "탱커" in title on page 44.
2024-09-09 17:19:40,684 - INFO - Crawling page: https://cyphers.nexon.com/article/tip?page=45
2024-09-09 17:19:40,779 - INFO - No links found with the keyword "탱커" in title on page 45.
2024-09-09 17:19:40,780 - INFO - Crawling page: https://cyphers.nexon.com/article/tip?page=46
2024-09-09 17:19:40,878 - INFO - No links found with the keyword "탱커" in title on page 46.
2024-09-09 17:19:40,878 - INFO - Crawling page: https://cyphers.nexon.com/article/tip?page=47
2024-09-09 17:19:41,140 - INFO - No links found with the keyword "탱커" in title on page 47.
2024-09-09 17:19:41,140 - INFO - Crawling page: https://cyphers.nexon.com/article/tip?page=48
2024-09-09 17:19:41,226 - INFO - No links found with the keyword "탱커" in title on page 48.
2024-09-09 17:19:41,226 - INFO - Crawling page: https://cyphers.nexon.com/article/tip?page=49
2024-09-09 17:19:41,668 - INFO - No links found with the keyword "탱커" in title on page 49.
2024-09-09 17:19:41,668 - INFO - Crawling page: https://cyphers.nexon.com/article/tip?page=50
2024-09-09 17:19:41,737 - INFO - No links found with the keyword "탱커" in title on page 50.
2024-09-09 17:19:41,737 - INFO - Crawling page: https://cyphers.nexon.com/article/tip?page=51
2024-09-09 17:19:41,809 - INFO - No links found with the keyword "탱커" in title on page 51.
2024-09-09 17:19:41,810 - INFO - Crawling page: https://cyphers.nexon.com/article/tip?page=52
2024-09-09 17:19:42,133 - INFO - No links found with the keyword "탱커" in title on page 52.
2024-09-09 17:19:42,133 - INFO - Crawling page: https://cyphers.nexon.com/article/tip?page=53
2024-09-09 17:19:42,452 - INFO - No links found with the keyword "탱커" in title on page 53.
2024-09-09 17:19:42,452 - INFO - Crawling page: https://cyphers.nexon.com/article/tip?page=54
2024-09-09 17:19:42,616 - INFO - No links found with the keyword "탱커" in title on page 54.
2024-09-09 17:19:42,616 - INFO - Crawling page: https://cyphers.nexon.com/article/tip?page=55
2024-09-09 17:19:42,948 - INFO - No links found with the keyword "탱커" in title on page 55.
2024-09-09 17:19:42,948 - INFO - Crawling page: https://cyphers.nexon.com/article/tip?page=56
2024-09-09 17:19:43,074 - INFO - No links found with the keyword "탱커" in title on page 56.
2024-09-09 17:19:43,074 - INFO - Crawling page: https://cyphers.nexon.com/article/tip?page=57
2024-09-09 17:19:43,342 - INFO - No links found with the keyword "탱커" in title on page 57.
2024-09-09 17:19:43,342 - INFO - Crawling page: https://cyphers.nexon.com/article/tip?page=58
2024-09-09 17:19:43,778 - INFO - No links found with the keyword "탱커" in title on page 58.
2024-09-09 17:19:43,778 - INFO - Crawling page: https://cyphers.nexon.com/article/tip?page=59
2024-09-09 17:19:44,395 - INFO - No links found with the keyword "탱커" in title on page 59.
2024-09-09 17:19:44,395 - INFO - Crawling page: https://cyphers.nexon.com/article/tip?page=60
2024-09-09 17:19:44,484 - INFO - No links found with the keyword "탱커" in title on page 60.
2024-09-09 17:19:44,484 - INFO - Crawling page: https://cyphers.nexon.com/article/tip?page=61
2024-09-09 17:19:45,172 - INFO - No links found with the keyword "탱커" in title on page 61.
2024-09-09 17:19:45,172 - INFO - Crawling page: https://cyphers.nexon.com/article/tip?page=62
2024-09-09 17:19:45,260 - INFO - No links found with the keyword "탱커" in title on page 62.
2024-09-09 17:19:45,261 - INFO - Crawling page: https://cyphers.nexon.com/article/tip?page=63
2024-09-09 17:19:45,626 - INFO - No links found with the keyword "탱커" in title on page 63.
2024-09-09 17:19:45,626 - INFO - Crawling page: https://cyphers.nexon.com/article/tip?page=64
2024-09-09 17:19:45,721 - INFO - No links found with the keyword "탱커" in title on page 64.
2024-09-09 17:19:45,721 - INFO - Crawling page: https://cyphers.nexon.com/article/tip?page=65
2024-09-09 17:19:46,073 - INFO - No links found with the keyword "탱커" in title on page 65.
2024-09-09 17:19:46,073 - INFO - Crawling page: https://cyphers.nexon.com/article/tip?page=66
2024-09-09 17:19:46,680 - INFO - No links found with the keyword "탱커" in title on page 66.
2024-09-09 17:19:46,680 - INFO - Crawling page: https://cyphers.nexon.com/article/tip?page=67
2024-09-09 17:19:47,245 - INFO - No links found with the keyword "탱커" in title on page 67.
2024-09-09 17:19:47,245 - INFO - Crawling page: https://cyphers.nexon.com/article/tip?page=68
2024-09-09 17:19:47,656 - INFO - No links found with the keyword "탱커" in title on page 68.
2024-09-09 17:19:47,656 - INFO - Crawling page: https://cyphers.nexon.com/article/tip?page=69
2024-09-09 17:19:47,746 - INFO - No links found with the keyword "탱커" in title on page 69.
2024-09-09 17:19:47,746 - INFO - Crawling page: https://cyphers.nexon.com/article/tip?page=70
2024-09-09 17:19:48,139 - INFO - No links found with the keyword "탱커" in title on page 70.
2024-09-09 17:19:48,139 - INFO - Crawling page: https://cyphers.nexon.com/article/tip?page=71
2024-09-09 17:19:48,221 - INFO - No links found with the keyword "탱커" in title on page 71.
2024-09-09 17:19:48,221 - INFO - Crawling page: https://cyphers.nexon.com/article/tip?page=72
2024-09-09 17:19:48,653 - INFO - No links found with the keyword "탱커" in title on page 72.
2024-09-09 17:19:48,653 - INFO - Crawling page: https://cyphers.nexon.com/article/tip?page=73
2024-09-09 17:19:49,153 - INFO - No links found with the keyword "탱커" in title on page 73.
2024-09-09 17:19:49,153 - INFO - Crawling page: https://cyphers.nexon.com/article/tip?page=74
2024-09-09 17:19:49,657 - INFO - No links found with the keyword "탱커" in title on page 74.
2024-09-09 17:19:49,657 - INFO - Crawling page: https://cyphers.nexon.com/article/tip?page=75
2024-09-09 17:19:49,747 - INFO - No links found with the keyword "탱커" in title on page 75.
2024-09-09 17:19:49,747 - INFO - Crawling page: https://cyphers.nexon.com/article/tip?page=76
2024-09-09 17:19:49,841 - INFO - No links found with the keyword "탱커" in title on page 76.
2024-09-09 17:19:49,842 - INFO - Crawling page: https://cyphers.nexon.com/article/tip?page=77
2024-09-09 17:19:49,909 - INFO - No links found with the keyword "탱커" in title on page 77.
2024-09-09 17:19:49,909 - INFO - Crawling page: https://cyphers.nexon.com/article/tip?page=78
2024-09-09 17:19:50,613 - INFO - No links found with the keyword "탱커" in title on page 78.
2024-09-09 17:19:50,613 - INFO - Crawling page: https://cyphers.nexon.com/article/tip?page=79
2024-09-09 17:19:50,679 - INFO - No links found with the keyword "탱커" in title on page 79.
2024-09-09 17:19:50,679 - INFO - Crawling page: https://cyphers.nexon.com/article/tip?page=80
2024-09-09 17:19:51,103 - INFO - No links found with the keyword "탱커" in title on page 80.
2024-09-09 17:19:51,103 - INFO - Crawling page: https://cyphers.nexon.com/article/tip?page=81
2024-09-09 17:19:51,167 - INFO - No links found with the keyword "탱커" in title on page 81.
2024-09-09 17:19:51,167 - INFO - Crawling page: https://cyphers.nexon.com/article/tip?page=82
2024-09-09 17:19:51,255 - INFO - No links found with the keyword "탱커" in title on page 82.
2024-09-09 17:19:51,255 - INFO - Crawling page: https://cyphers.nexon.com/article/tip?page=83
2024-09-09 17:19:51,621 - INFO - No links found with the keyword "탱커" in title on page 83.
2024-09-09 17:19:51,622 - INFO - Crawling page: https://cyphers.nexon.com/article/tip?page=84
2024-09-09 17:19:52,015 - INFO - No links found with the keyword "탱커" in title on page 84.
2024-09-09 17:19:52,015 - INFO - Crawling page: https://cyphers.nexon.com/article/tip?page=85
2024-09-09 17:19:52,309 - INFO - No links found with the keyword "탱커" in title on page 85.
2024-09-09 17:19:52,309 - INFO - Crawling page: https://cyphers.nexon.com/article/tip?page=86
2024-09-09 17:19:52,751 - INFO - No links found with the keyword "탱커" in title on page 86.
2024-09-09 17:19:52,751 - INFO - Crawling page: https://cyphers.nexon.com/article/tip?page=87
2024-09-09 17:19:53,369 - INFO - No links found with the keyword "탱커" in title on page 87.
2024-09-09 17:19:53,369 - INFO - Crawling page: https://cyphers.nexon.com/article/tip?page=88
2024-09-09 17:19:53,494 - INFO - No links found with the keyword "탱커" in title on page 88.
2024-09-09 17:19:53,494 - INFO - Crawling page: https://cyphers.nexon.com/article/tip?page=89
2024-09-09 17:19:53,648 - INFO - No links found with the keyword "탱커" in title on page 89.
2024-09-09 17:19:53,648 - INFO - Crawling page: https://cyphers.nexon.com/article/tip?page=90
2024-09-09 17:19:54,123 - INFO - No links found with the keyword "탱커" in title on page 90.
2024-09-09 17:19:54,123 - INFO - Crawling page: https://cyphers.nexon.com/article/tip?page=91
2024-09-09 17:19:54,451 - INFO - No links found with the keyword "탱커" in title on page 91.
2024-09-09 17:19:54,452 - INFO - Crawling page: https://cyphers.nexon.com/article/tip?page=92
2024-09-09 17:19:54,560 - INFO - No links found with the keyword "탱커" in title on page 92.
2024-09-09 17:19:54,560 - INFO - Crawling page: https://cyphers.nexon.com/article/tip?page=93
2024-09-09 17:19:54,903 - INFO - No links found with the keyword "탱커" in title on page 93.
2024-09-09 17:19:54,903 - INFO - Crawling page: https://cyphers.nexon.com/article/tip?page=94
2024-09-09 17:19:55,540 - INFO - No links found with the keyword "탱커" in title on page 94.
2024-09-09 17:19:55,540 - INFO - Crawling page: https://cyphers.nexon.com/article/tip?page=95
2024-09-09 17:19:55,809 - INFO - No links found with the keyword "탱커" in title on page 95.
2024-09-09 17:19:55,809 - INFO - Crawling page: https://cyphers.nexon.com/article/tip?page=96
2024-09-09 17:19:56,161 - INFO - No links found with the keyword "탱커" in title on page 96.
2024-09-09 17:19:56,161 - INFO - Crawling page: https://cyphers.nexon.com/article/tip?page=97
2024-09-09 17:19:56,469 - INFO - No links found with the keyword "탱커" in title on page 97.
2024-09-09 17:19:56,470 - INFO - Crawling page: https://cyphers.nexon.com/article/tip?page=98
2024-09-09 17:19:56,882 - INFO - No links found with the keyword "탱커" in title on page 98.
2024-09-09 17:19:56,883 - INFO - Crawling page: https://cyphers.nexon.com/article/tip?page=99
2024-09-09 17:19:56,952 - INFO - No links found with the keyword "탱커" in title on page 99.
2024-09-09 17:19:56,952 - INFO - Crawling page: https://cyphers.nexon.com/article/tip?page=100
2024-09-09 17:19:57,256 - INFO - No links found with the keyword "탱커" in title on page 100.
2024-09-09 17:24:56,221 - INFO - Crawling page: https://cyphers.nexon.com/article/tip?page=1
2024-09-09 17:24:56,428 - INFO - Found URL: https://cyphers.nexon.com/article/tip/topic/28492475
2024-09-09 17:24:56,428 - INFO - Crawling page: https://cyphers.nexon.com/article/tip?page=2
2024-09-09 17:24:56,816 - INFO - Found URL: https://cyphers.nexon.com/article/tip/topic/28486307
2024-09-09 17:24:56,816 - INFO - Crawling page: https://cyphers.nexon.com/article/tip?page=3
2024-09-09 17:24:57,257 - INFO - No links found with the keyword "탱커" in title on page 3.
2024-09-09 17:24:57,257 - INFO - Crawling page: https://cyphers.nexon.com/article/tip?page=4
2024-09-09 17:24:57,358 - INFO - Found URL: https://cyphers.nexon.com/article/tip/topic/28476118
2024-09-09 17:24:57,358 - INFO - Crawling page: https://cyphers.nexon.com/article/tip?page=5
2024-09-09 17:24:57,719 - INFO - No links found with the keyword "탱커" in title on page 5.
2024-09-09 17:24:57,719 - INFO - Crawling page: https://cyphers.nexon.com/article/tip?page=6
2024-09-09 17:24:57,893 - INFO - No links found with the keyword "탱커" in title on page 6.
2024-09-09 17:24:57,893 - INFO - Crawling page: https://cyphers.nexon.com/article/tip?page=7
2024-09-09 17:24:58,362 - INFO - Found URL: https://cyphers.nexon.com/article/tip/topic/28454933
2024-09-09 17:24:58,363 - INFO - Found URL: https://cyphers.nexon.com/article/tip/topic/28454847
2024-09-09 17:24:58,363 - INFO - Crawling page: https://cyphers.nexon.com/article/tip?page=8
2024-09-09 17:24:58,748 - INFO - Found URL: https://cyphers.nexon.com/article/tip/topic/28450060
2024-09-09 17:24:58,748 - INFO - Crawling page: https://cyphers.nexon.com/article/tip?page=9
2024-09-09 17:24:59,176 - INFO - Found URL: https://cyphers.nexon.com/article/tip/topic/28444288
2024-09-09 17:24:59,176 - INFO - Crawling page: https://cyphers.nexon.com/article/tip?page=10
2024-09-09 17:24:59,241 - INFO - Found URL: https://cyphers.nexon.com/article/tip/topic/28436362
2024-09-09 17:24:59,241 - INFO - Crawling page: https://cyphers.nexon.com/article/tip?page=11
2024-09-09 17:24:59,309 - INFO - Found URL: https://cyphers.nexon.com/article/tip/topic/28434755
2024-09-09 17:24:59,309 - INFO - Found URL: https://cyphers.nexon.com/article/tip/topic/28432733
2024-09-09 17:24:59,309 - INFO - Found URL: https://cyphers.nexon.com/article/tip/topic/28431786
2024-09-09 17:24:59,309 - INFO - Crawling page: https://cyphers.nexon.com/article/tip?page=12
2024-09-09 17:24:59,637 - INFO - Found URL: https://cyphers.nexon.com/article/tip/topic/28422191
2024-09-09 17:24:59,638 - INFO - Crawling page: https://cyphers.nexon.com/article/tip?page=13
2024-09-09 17:24:59,704 - INFO - No links found with the keyword "탱커" in title on page 13.
2024-09-09 17:24:59,705 - INFO - Crawling page: https://cyphers.nexon.com/article/tip?page=14
2024-09-09 17:24:59,796 - INFO - No links found with the keyword "탱커" in title on page 14.
2024-09-09 17:24:59,797 - INFO - Crawling page: https://cyphers.nexon.com/article/tip?page=15
2024-09-09 17:24:59,899 - INFO - Found URL: https://cyphers.nexon.com/article/tip/topic/28408050
2024-09-09 17:24:59,899 - INFO - Found URL: https://cyphers.nexon.com/article/tip/topic/28406296
2024-09-09 17:24:59,899 - INFO - Crawling page: https://cyphers.nexon.com/article/tip?page=16
2024-09-09 17:25:00,228 - INFO - Found URL: https://cyphers.nexon.com/article/tip/topic/28404045
2024-09-09 17:25:00,228 - INFO - Found URL: https://cyphers.nexon.com/article/tip/topic/28403441
2024-09-09 17:25:00,228 - INFO - Crawling page: https://cyphers.nexon.com/article/tip?page=17
2024-09-09 17:25:00,594 - INFO - No links found with the keyword "탱커" in title on page 17.
2024-09-09 17:25:00,594 - INFO - Crawling page: https://cyphers.nexon.com/article/tip?page=18
2024-09-09 17:25:00,689 - INFO - Found URL: https://cyphers.nexon.com/article/tip/topic/28394530
2024-09-09 17:25:00,689 - INFO - Crawling page: https://cyphers.nexon.com/article/tip?page=19
2024-09-09 17:25:01,064 - INFO - Found URL: https://cyphers.nexon.com/article/tip/topic/28387311
2024-09-09 17:25:01,064 - INFO - Crawling page: https://cyphers.nexon.com/article/tip?page=20
2024-09-09 17:25:01,527 - INFO - No links found with the keyword "탱커" in title on page 20.
2024-09-09 17:25:01,528 - INFO - Crawling page: https://cyphers.nexon.com/article/tip?page=21
2024-09-09 17:25:01,872 - INFO - Found URL: https://cyphers.nexon.com/article/tip/topic/28377314
2024-09-09 17:25:01,872 - INFO - Found URL: https://cyphers.nexon.com/article/tip/topic/28375196
2024-09-09 17:25:01,872 - INFO - Crawling page: https://cyphers.nexon.com/article/tip?page=22
2024-09-09 17:25:02,035 - INFO - No links found with the keyword "탱커" in title on page 22.
2024-09-09 17:25:02,035 - INFO - Crawling page: https://cyphers.nexon.com/article/tip?page=23
2024-09-09 17:25:02,489 - INFO - Found URL: https://cyphers.nexon.com/article/tip/topic/28365843
2024-09-09 17:25:02,489 - INFO - Found URL: https://cyphers.nexon.com/article/tip/topic/28363141
2024-09-09 17:25:02,490 - INFO - Crawling page: https://cyphers.nexon.com/article/tip?page=24
2024-09-09 17:25:02,718 - INFO - No links found with the keyword "탱커" in title on page 24.
2024-09-09 17:25:02,718 - INFO - Crawling page: https://cyphers.nexon.com/article/tip?page=25
2024-09-09 17:25:03,153 - INFO - Found URL: https://cyphers.nexon.com/article/tip/topic/28349117
2024-09-09 17:25:03,153 - INFO - Crawling page: https://cyphers.nexon.com/article/tip?page=26
2024-09-09 17:25:03,542 - INFO - Found URL: https://cyphers.nexon.com/article/tip/topic/28339382
2024-09-09 17:25:03,542 - INFO - Crawling page: https://cyphers.nexon.com/article/tip?page=27
2024-09-09 17:25:03,639 - INFO - Found URL: https://cyphers.nexon.com/article/tip/topic/28337899
2024-09-09 17:25:03,639 - INFO - Crawling page: https://cyphers.nexon.com/article/tip?page=28
2024-09-09 17:25:04,067 - INFO - No links found with the keyword "탱커" in title on page 28.
2024-09-09 17:25:04,067 - INFO - Crawling page: https://cyphers.nexon.com/article/tip?page=29
2024-09-09 17:25:04,727 - INFO - No links found with the keyword "탱커" in title on page 29.
2024-09-09 17:25:04,728 - INFO - Crawling page: https://cyphers.nexon.com/article/tip?page=30
2024-09-09 17:25:04,886 - INFO - No links found with the keyword "탱커" in title on page 30.
2024-09-09 17:25:04,887 - INFO - Crawling page: https://cyphers.nexon.com/article/tip?page=31
2024-09-09 17:25:05,574 - INFO - Found URL: https://cyphers.nexon.com/article/tip/topic/28313988
2024-09-09 17:25:05,574 - INFO - Found URL: https://cyphers.nexon.com/article/tip/topic/28313029
2024-09-09 17:25:05,574 - INFO - Crawling page: https://cyphers.nexon.com/article/tip?page=32
2024-09-09 17:25:05,868 - INFO - Found URL: https://cyphers.nexon.com/article/tip/topic/28311533
2024-09-09 17:25:05,868 - INFO - Found URL: https://cyphers.nexon.com/article/tip/topic/28306984
2024-09-09 17:25:05,868 - INFO - Crawling page: https://cyphers.nexon.com/article/tip?page=33
2024-09-09 17:25:06,006 - INFO - No links found with the keyword "탱커" in title on page 33.
2024-09-09 17:25:06,007 - INFO - Crawling page: https://cyphers.nexon.com/article/tip?page=34
2024-09-09 17:25:06,322 - INFO - No links found with the keyword "탱커" in title on page 34.
2024-09-09 17:25:06,322 - INFO - Crawling page: https://cyphers.nexon.com/article/tip?page=35
2024-09-09 17:25:06,625 - INFO - Found URL: https://cyphers.nexon.com/article/tip/topic/28284764
2024-09-09 17:25:06,625 - INFO - Crawling page: https://cyphers.nexon.com/article/tip?page=36
2024-09-09 17:25:06,892 - INFO - Found URL: https://cyphers.nexon.com/article/tip/topic/28282580
2024-09-09 17:25:06,892 - INFO - Crawling page: https://cyphers.nexon.com/article/tip?page=37
2024-09-09 17:25:07,241 - INFO - No links found with the keyword "탱커" in title on page 37.
2024-09-09 17:25:07,241 - INFO - Crawling page: https://cyphers.nexon.com/article/tip?page=38
2024-09-09 17:25:07,551 - INFO - Found URL: https://cyphers.nexon.com/article/tip/topic/28269947
2024-09-09 17:25:07,551 - INFO - Crawling page: https://cyphers.nexon.com/article/tip?page=39
2024-09-09 17:25:07,953 - INFO - Found URL: https://cyphers.nexon.com/article/tip/topic/28263832
2024-09-09 17:25:07,953 - INFO - Found URL: https://cyphers.nexon.com/article/tip/topic/28263655
2024-09-09 17:25:07,954 - INFO - Crawling page: https://cyphers.nexon.com/article/tip?page=40
2024-09-09 17:25:08,459 - INFO - Found URL: https://cyphers.nexon.com/article/tip/topic/28257588
2024-09-09 17:25:08,459 - INFO - Crawling page: https://cyphers.nexon.com/article/tip?page=41
2024-09-09 17:25:09,223 - INFO - No links found with the keyword "탱커" in title on page 41.
2024-09-09 17:25:09,223 - INFO - Crawling page: https://cyphers.nexon.com/article/tip?page=42
2024-09-09 17:25:09,491 - INFO - Found URL: https://cyphers.nexon.com/article/tip/topic/28249104
2024-09-09 17:25:09,492 - INFO - Crawling page: https://cyphers.nexon.com/article/tip?page=43
2024-09-09 17:25:10,086 - INFO - No links found with the keyword "탱커" in title on page 43.
2024-09-09 17:25:10,086 - INFO - Crawling page: https://cyphers.nexon.com/article/tip?page=44
2024-09-09 17:25:10,384 - INFO - No links found with the keyword "탱커" in title on page 44.
2024-09-09 17:25:10,384 - INFO - Crawling page: https://cyphers.nexon.com/article/tip?page=45
2024-09-09 17:25:10,460 - INFO - Found URL: https://cyphers.nexon.com/article/tip/topic/28231329
2024-09-09 17:25:10,460 - INFO - Found URL: https://cyphers.nexon.com/article/tip/topic/28230960
2024-09-09 17:25:10,460 - INFO - Crawling page: https://cyphers.nexon.com/article/tip?page=46
2024-09-09 17:25:10,900 - INFO - Found URL: https://cyphers.nexon.com/article/tip/topic/28225558
2024-09-09 17:25:10,900 - INFO - Found URL: https://cyphers.nexon.com/article/tip/topic/28225246
2024-09-09 17:25:10,900 - INFO - Crawling page: https://cyphers.nexon.com/article/tip?page=47
2024-09-09 17:25:10,998 - INFO - No links found with the keyword "탱커" in title on page 47.
2024-09-09 17:25:10,998 - INFO - Crawling page: https://cyphers.nexon.com/article/tip?page=48
2024-09-09 17:25:11,616 - INFO - No links found with the keyword "탱커" in title on page 48.
2024-09-09 17:25:11,616 - INFO - Crawling page: https://cyphers.nexon.com/article/tip?page=49
2024-09-09 17:25:11,752 - INFO - No links found with the keyword "탱커" in title on page 49.
2024-09-09 17:25:11,752 - INFO - Crawling page: https://cyphers.nexon.com/article/tip?page=50
2024-09-09 17:25:11,951 - INFO - No links found with the keyword "탱커" in title on page 50.
2024-09-09 17:25:11,952 - INFO - Crawling page: https://cyphers.nexon.com/article/tip?page=51
2024-09-09 17:25:12,211 - INFO - No links found with the keyword "탱커" in title on page 51.
2024-09-09 17:25:12,212 - INFO - Crawling page: https://cyphers.nexon.com/article/tip?page=52
2024-09-09 17:25:12,529 - INFO - No links found with the keyword "탱커" in title on page 52.
2024-09-09 17:25:12,529 - INFO - Crawling page: https://cyphers.nexon.com/article/tip?page=53
2024-09-09 17:25:12,915 - INFO - No links found with the keyword "탱커" in title on page 53.
2024-09-09 17:25:12,915 - INFO - Crawling page: https://cyphers.nexon.com/article/tip?page=54
2024-09-09 17:25:13,156 - INFO - No links found with the keyword "탱커" in title on page 54.
2024-09-09 17:25:13,156 - INFO - Crawling page: https://cyphers.nexon.com/article/tip?page=55
2024-09-09 17:25:13,335 - INFO - Found URL: https://cyphers.nexon.com/article/tip/topic/28185042
2024-09-09 17:25:13,335 - INFO - Crawling page: https://cyphers.nexon.com/article/tip?page=56
2024-09-09 17:25:13,526 - INFO - Found URL: https://cyphers.nexon.com/article/tip/topic/28177597
2024-09-09 17:25:13,526 - INFO - Crawling page: https://cyphers.nexon.com/article/tip?page=57
2024-09-09 17:25:13,972 - INFO - Found URL: https://cyphers.nexon.com/article/tip/topic/28174432
2024-09-09 17:25:13,973 - INFO - Crawling page: https://cyphers.nexon.com/article/tip?page=58
2024-09-09 17:25:14,066 - INFO - No links found with the keyword "탱커" in title on page 58.
2024-09-09 17:25:14,066 - INFO - Crawling page: https://cyphers.nexon.com/article/tip?page=59
2024-09-09 17:25:14,137 - INFO - No links found with the keyword "탱커" in title on page 59.
2024-09-09 17:25:14,137 - INFO - Crawling page: https://cyphers.nexon.com/article/tip?page=60
2024-09-09 17:25:14,201 - INFO - No links found with the keyword "탱커" in title on page 60.
2024-09-09 17:25:14,201 - INFO - Crawling page: https://cyphers.nexon.com/article/tip?page=61
2024-09-09 17:25:14,444 - INFO - Found URL: https://cyphers.nexon.com/article/tip/topic/28151042
2024-09-09 17:25:14,444 - INFO - Found URL: https://cyphers.nexon.com/article/tip/topic/28149522
2024-09-09 17:25:14,444 - INFO - Crawling page: https://cyphers.nexon.com/article/tip?page=62
2024-09-09 17:25:14,856 - INFO - Found URL: https://cyphers.nexon.com/article/tip/topic/28148736
2024-09-09 17:25:14,856 - INFO - Found URL: https://cyphers.nexon.com/article/tip/topic/28146952
2024-09-09 17:25:14,856 - INFO - Crawling page: https://cyphers.nexon.com/article/tip?page=63
2024-09-09 17:25:14,961 - INFO - No links found with the keyword "탱커" in title on page 63.
2024-09-09 17:25:14,962 - INFO - Crawling page: https://cyphers.nexon.com/article/tip?page=64
2024-09-09 17:25:15,029 - INFO - Found URL: https://cyphers.nexon.com/article/tip/topic/28145056
2024-09-09 17:25:15,030 - INFO - Crawling page: https://cyphers.nexon.com/article/tip?page=65
2024-09-09 17:25:15,122 - INFO - Found URL: https://cyphers.nexon.com/article/tip/topic/28142079
2024-09-09 17:25:15,122 - INFO - Crawling page: https://cyphers.nexon.com/article/tip?page=66
2024-09-09 17:25:15,764 - INFO - No links found with the keyword "탱커" in title on page 66.
2024-09-09 17:25:15,764 - INFO - Crawling page: https://cyphers.nexon.com/article/tip?page=67
2024-09-09 17:25:15,848 - INFO - No links found with the keyword "탱커" in title on page 67.
2024-09-09 17:25:15,848 - INFO - Crawling page: https://cyphers.nexon.com/article/tip?page=68
2024-09-09 17:25:15,916 - INFO - No links found with the keyword "탱커" in title on page 68.
2024-09-09 17:25:15,916 - INFO - Crawling page: https://cyphers.nexon.com/article/tip?page=69
2024-09-09 17:25:16,320 - INFO - No links found with the keyword "탱커" in title on page 69.
2024-09-09 17:25:16,320 - INFO - Crawling page: https://cyphers.nexon.com/article/tip?page=70
2024-09-09 17:25:16,389 - INFO - No links found with the keyword "탱커" in title on page 70.
2024-09-09 17:25:16,389 - INFO - Crawling page: https://cyphers.nexon.com/article/tip?page=71
2024-09-09 17:25:16,675 - INFO - No links found with the keyword "탱커" in title on page 71.
2024-09-09 17:25:16,675 - INFO - Crawling page: https://cyphers.nexon.com/article/tip?page=72
2024-09-09 17:25:16,792 - INFO - Found URL: https://cyphers.nexon.com/article/tip/topic/28091888
2024-09-09 17:25:16,792 - INFO - Crawling page: https://cyphers.nexon.com/article/tip?page=73
2024-09-09 17:25:16,863 - INFO - No links found with the keyword "탱커" in title on page 73.
2024-09-09 17:25:16,863 - INFO - Crawling page: https://cyphers.nexon.com/article/tip?page=74
2024-09-09 17:25:17,196 - INFO - Found URL: https://cyphers.nexon.com/article/tip/topic/28069975
2024-09-09 17:25:17,196 - INFO - Crawling page: https://cyphers.nexon.com/article/tip?page=75
2024-09-09 17:25:17,601 - INFO - No links found with the keyword "탱커" in title on page 75.
2024-09-09 17:25:17,601 - INFO - Crawling page: https://cyphers.nexon.com/article/tip?page=76
2024-09-09 17:25:17,930 - INFO - No links found with the keyword "탱커" in title on page 76.
2024-09-09 17:25:17,930 - INFO - Crawling page: https://cyphers.nexon.com/article/tip?page=77
2024-09-09 17:25:18,044 - INFO - Found URL: https://cyphers.nexon.com/article/tip/topic/28053845
2024-09-09 17:25:18,045 - INFO - Crawling page: https://cyphers.nexon.com/article/tip?page=78
2024-09-09 17:25:18,109 - INFO - No links found with the keyword "탱커" in title on page 78.
2024-09-09 17:25:18,110 - INFO - Crawling page: https://cyphers.nexon.com/article/tip?page=79
2024-09-09 17:25:18,454 - INFO - Found URL: https://cyphers.nexon.com/article/tip/topic/28046330
2024-09-09 17:25:18,455 - INFO - Found URL: https://cyphers.nexon.com/article/tip/topic/28044835
2024-09-09 17:25:18,455 - INFO - Crawling page: https://cyphers.nexon.com/article/tip?page=80
2024-09-09 17:25:18,527 - INFO - Found URL: https://cyphers.nexon.com/article/tip/topic/28040353
2024-09-09 17:25:18,527 - INFO - Crawling page: https://cyphers.nexon.com/article/tip?page=81
2024-09-09 17:25:18,891 - INFO - Found URL: https://cyphers.nexon.com/article/tip/topic/28034298
2024-09-09 17:25:18,891 - INFO - Crawling page: https://cyphers.nexon.com/article/tip?page=82
2024-09-09 17:25:19,248 - INFO - No links found with the keyword "탱커" in title on page 82.
2024-09-09 17:25:19,248 - INFO - Crawling page: https://cyphers.nexon.com/article/tip?page=83
2024-09-09 17:25:19,470 - INFO - No links found with the keyword "탱커" in title on page 83.
2024-09-09 17:25:19,470 - INFO - Crawling page: https://cyphers.nexon.com/article/tip?page=84
2024-09-09 17:25:19,745 - INFO - No links found with the keyword "탱커" in title on page 84.
2024-09-09 17:25:19,745 - INFO - Crawling page: https://cyphers.nexon.com/article/tip?page=85
2024-09-09 17:25:19,830 - INFO - Found URL: https://cyphers.nexon.com/article/tip/topic/28019098
2024-09-09 17:25:19,830 - INFO - Crawling page: https://cyphers.nexon.com/article/tip?page=86
2024-09-09 17:25:20,141 - INFO - No links found with the keyword "탱커" in title on page 86.
2024-09-09 17:25:20,142 - INFO - Crawling page: https://cyphers.nexon.com/article/tip?page=87
2024-09-09 17:25:20,296 - INFO - Found URL: https://cyphers.nexon.com/article/tip/topic/28008022
2024-09-09 17:25:20,296 - INFO - Crawling page: https://cyphers.nexon.com/article/tip?page=88
2024-09-09 17:25:20,452 - INFO - Found URL: https://cyphers.nexon.com/article/tip/topic/28005533
2024-09-09 17:25:20,452 - INFO - Found URL: https://cyphers.nexon.com/article/tip/topic/28004605
2024-09-09 17:25:20,452 - INFO - Found URL: https://cyphers.nexon.com/article/tip/topic/28001388
2024-09-09 17:25:20,452 - INFO - Crawling page: https://cyphers.nexon.com/article/tip?page=89
2024-09-09 17:25:20,736 - INFO - Found URL: https://cyphers.nexon.com/article/tip/topic/27997859
2024-09-09 17:25:20,736 - INFO - Crawling page: https://cyphers.nexon.com/article/tip?page=90
2024-09-09 17:25:20,932 - INFO - No links found with the keyword "탱커" in title on page 90.
2024-09-09 17:25:20,932 - INFO - Crawling page: https://cyphers.nexon.com/article/tip?page=91
2024-09-09 17:25:21,175 - INFO - No links found with the keyword "탱커" in title on page 91.
2024-09-09 17:25:21,175 - INFO - Crawling page: https://cyphers.nexon.com/article/tip?page=92
2024-09-09 17:25:21,472 - INFO - No links found with the keyword "탱커" in title on page 92.
2024-09-09 17:25:21,472 - INFO - Crawling page: https://cyphers.nexon.com/article/tip?page=93
2024-09-09 17:25:21,676 - INFO - No links found with the keyword "탱커" in title on page 93.
2024-09-09 17:25:21,676 - INFO - Crawling page: https://cyphers.nexon.com/article/tip?page=94
2024-09-09 17:25:21,760 - INFO - No links found with the keyword "탱커" in title on page 94.
2024-09-09 17:25:21,761 - INFO - Crawling page: https://cyphers.nexon.com/article/tip?page=95
2024-09-09 17:25:22,095 - INFO - Found URL: https://cyphers.nexon.com/article/tip/topic/27963675
2024-09-09 17:25:22,095 - INFO - Found URL: https://cyphers.nexon.com/article/tip/topic/27958835
2024-09-09 17:25:22,095 - INFO - Crawling page: https://cyphers.nexon.com/article/tip?page=96
2024-09-09 17:25:22,175 - INFO - Found URL: https://cyphers.nexon.com/article/tip/topic/27950451
2024-09-09 17:25:22,175 - INFO - Found URL: https://cyphers.nexon.com/article/tip/topic/27944885
2024-09-09 17:25:22,175 - INFO - Crawling page: https://cyphers.nexon.com/article/tip?page=97
2024-09-09 17:25:22,502 - INFO - Found URL: https://cyphers.nexon.com/article/tip/topic/27933645
2024-09-09 17:25:22,502 - INFO - Crawling page: https://cyphers.nexon.com/article/tip?page=98
2024-09-09 17:25:22,835 - INFO - No links found with the keyword "탱커" in title on page 98.
2024-09-09 17:25:22,836 - INFO - Crawling page: https://cyphers.nexon.com/article/tip?page=99
2024-09-09 17:25:23,099 - INFO - Found URL: https://cyphers.nexon.com/article/tip/topic/27928868
2024-09-09 17:25:23,099 - INFO - Found URL: https://cyphers.nexon.com/article/tip/topic/27927948
2024-09-09 17:25:23,099 - INFO - Found URL: https://cyphers.nexon.com/article/tip/topic/27927827
2024-09-09 17:25:23,099 - INFO - Crawling page: https://cyphers.nexon.com/article/tip?page=100
2024-09-09 17:25:23,520 - INFO - Found URL: https://cyphers.nexon.com/article/tip/topic/27925969
2024-09-09 17:25:23,520 - INFO - Crawling page: https://cyphers.nexon.com/article/tip?page=101
2024-09-09 17:25:24,952 - INFO - No links found with the keyword "탱커" in title on page 101.
2024-09-09 17:25:24,952 - INFO - Crawling page: https://cyphers.nexon.com/article/tip?page=102
2024-09-09 17:25:25,209 - INFO - No links found with the keyword "탱커" in title on page 102.
2024-09-09 17:25:25,209 - INFO - Crawling page: https://cyphers.nexon.com/article/tip?page=103
2024-09-09 17:25:25,874 - INFO - No links found with the keyword "탱커" in title on page 103.
2024-09-09 17:25:25,874 - INFO - Crawling page: https://cyphers.nexon.com/article/tip?page=104
2024-09-09 17:25:26,039 - INFO - Found URL: https://cyphers.nexon.com/article/tip/topic/27902332
2024-09-09 17:25:26,039 - INFO - Crawling page: https://cyphers.nexon.com/article/tip?page=105
2024-09-09 17:25:26,164 - INFO - Found URL: https://cyphers.nexon.com/article/tip/topic/27900323
2024-09-09 17:25:26,164 - INFO - Found URL: https://cyphers.nexon.com/article/tip/topic/27900283
2024-09-09 17:25:26,164 - INFO - Crawling page: https://cyphers.nexon.com/article/tip?page=106
2024-09-09 17:25:26,251 - INFO - No links found with the keyword "탱커" in title on page 106.
2024-09-09 17:25:26,251 - INFO - Crawling page: https://cyphers.nexon.com/article/tip?page=107
2024-09-09 17:25:26,621 - INFO - Found URL: https://cyphers.nexon.com/article/tip/topic/27886415
2024-09-09 17:25:26,622 - INFO - Crawling page: https://cyphers.nexon.com/article/tip?page=108
2024-09-09 17:25:26,693 - INFO - Found URL: https://cyphers.nexon.com/article/tip/topic/27881532
2024-09-09 17:25:26,693 - INFO - Crawling page: https://cyphers.nexon.com/article/tip?page=109
2024-09-09 17:25:26,951 - INFO - No links found with the keyword "탱커" in title on page 109.
2024-09-09 17:25:26,952 - INFO - Crawling page: https://cyphers.nexon.com/article/tip?page=110
2024-09-09 17:25:27,288 - INFO - No links found with the keyword "탱커" in title on page 110.
2024-09-09 17:25:27,288 - INFO - Crawling page: https://cyphers.nexon.com/article/tip?page=111
2024-09-09 17:25:27,804 - INFO - No links found with the keyword "탱커" in title on page 111.
2024-09-09 17:25:27,804 - INFO - Crawling page: https://cyphers.nexon.com/article/tip?page=112
2024-09-09 17:25:28,060 - INFO - No links found with the keyword "탱커" in title on page 112.
2024-09-09 17:25:28,060 - INFO - Crawling page: https://cyphers.nexon.com/article/tip?page=113
2024-09-09 17:25:28,443 - INFO - No links found with the keyword "탱커" in title on page 113.
2024-09-09 17:25:28,443 - INFO - Crawling page: https://cyphers.nexon.com/article/tip?page=114
2024-09-09 17:25:28,744 - INFO - No links found with the keyword "탱커" in title on page 114.
2024-09-09 17:25:28,744 - INFO - Crawling page: https://cyphers.nexon.com/article/tip?page=115
2024-09-09 17:25:29,192 - INFO - No links found with the keyword "탱커" in title on page 115.
2024-09-09 17:25:29,192 - INFO - Crawling page: https://cyphers.nexon.com/article/tip?page=116
2024-09-09 17:25:29,496 - INFO - No links found with the keyword "탱커" in title on page 116.
2024-09-09 17:25:29,496 - INFO - Crawling page: https://cyphers.nexon.com/article/tip?page=117
2024-09-09 17:25:30,020 - INFO - No links found with the keyword "탱커" in title on page 117.
2024-09-09 17:25:30,020 - INFO - Crawling page: https://cyphers.nexon.com/article/tip?page=118
2024-09-09 17:25:30,413 - INFO - Found URL: https://cyphers.nexon.com/article/tip/topic/27796657
2024-09-09 17:25:30,414 - INFO - Found URL: https://cyphers.nexon.com/article/tip/topic/27792793
2024-09-09 17:25:30,414 - INFO - Crawling page: https://cyphers.nexon.com/article/tip?page=119
2024-09-09 17:25:30,482 - INFO - Found URL: https://cyphers.nexon.com/article/tip/topic/27789859
2024-09-09 17:25:30,483 - INFO - Crawling page: https://cyphers.nexon.com/article/tip?page=120
2024-09-09 17:25:30,564 - INFO - No links found with the keyword "탱커" in title on page 120.
2024-09-09 17:25:30,565 - INFO - Crawling page: https://cyphers.nexon.com/article/tip?page=121
2024-09-09 17:25:30,860 - INFO - No links found with the keyword "탱커" in title on page 121.
2024-09-09 17:25:30,860 - INFO - Crawling page: https://cyphers.nexon.com/article/tip?page=122
2024-09-09 17:25:31,040 - INFO - Found URL: https://cyphers.nexon.com/article/tip/topic/27776773
2024-09-09 17:25:31,040 - INFO - Crawling page: https://cyphers.nexon.com/article/tip?page=123
2024-09-09 17:25:31,488 - INFO - No links found with the keyword "탱커" in title on page 123.
2024-09-09 17:25:31,488 - INFO - Crawling page: https://cyphers.nexon.com/article/tip?page=124
2024-09-09 17:25:31,959 - INFO - No links found with the keyword "탱커" in title on page 124.
2024-09-09 17:25:31,959 - INFO - Crawling page: https://cyphers.nexon.com/article/tip?page=125
2024-09-09 17:25:32,251 - INFO - No links found with the keyword "탱커" in title on page 125.
2024-09-09 17:25:32,251 - INFO - Crawling page: https://cyphers.nexon.com/article/tip?page=126
2024-09-09 17:25:32,341 - INFO - No links found with the keyword "탱커" in title on page 126.
2024-09-09 17:25:32,341 - INFO - Crawling page: https://cyphers.nexon.com/article/tip?page=127
2024-09-09 17:25:32,405 - INFO - Found URL: https://cyphers.nexon.com/article/tip/topic/27723832
2024-09-09 17:25:32,406 - INFO - Found URL: https://cyphers.nexon.com/article/tip/topic/27723535
2024-09-09 17:25:32,406 - INFO - Crawling page: https://cyphers.nexon.com/article/tip?page=128
2024-09-09 17:25:32,718 - INFO - No links found with the keyword "탱커" in title on page 128.
2024-09-09 17:25:32,719 - INFO - Crawling page: https://cyphers.nexon.com/article/tip?page=129
2024-09-09 17:25:32,786 - INFO - Found URL: https://cyphers.nexon.com/article/tip/topic/27701799
2024-09-09 17:25:32,787 - INFO - Crawling page: https://cyphers.nexon.com/article/tip?page=130
2024-09-09 17:25:33,250 - INFO - Found URL: https://cyphers.nexon.com/article/tip/topic/27695439
2024-09-09 17:25:33,250 - INFO - Crawling page: https://cyphers.nexon.com/article/tip?page=131
2024-09-09 17:25:33,644 - INFO - Found URL: https://cyphers.nexon.com/article/tip/topic/27694382
2024-09-09 17:25:33,644 - INFO - Crawling page: https://cyphers.nexon.com/article/tip?page=132
2024-09-09 17:25:33,782 - INFO - Found URL: https://cyphers.nexon.com/article/tip/topic/27693307
2024-09-09 17:25:33,782 - INFO - Crawling page: https://cyphers.nexon.com/article/tip?page=133
2024-09-09 17:25:34,185 - INFO - No links found with the keyword "탱커" in title on page 133.
2024-09-09 17:25:34,185 - INFO - Crawling page: https://cyphers.nexon.com/article/tip?page=134
2024-09-09 17:25:34,250 - INFO - Found URL: https://cyphers.nexon.com/article/tip/topic/27673208
2024-09-09 17:25:34,250 - INFO - Found URL: https://cyphers.nexon.com/article/tip/topic/27671731
2024-09-09 17:25:34,251 - INFO - Crawling page: https://cyphers.nexon.com/article/tip?page=135
2024-09-09 17:25:34,318 - INFO - Found URL: https://cyphers.nexon.com/article/tip/topic/27670072
2024-09-09 17:25:34,318 - INFO - Crawling page: https://cyphers.nexon.com/article/tip?page=136
2024-09-09 17:25:34,693 - INFO - Found URL: https://cyphers.nexon.com/article/tip/topic/27659932
2024-09-09 17:25:34,693 - INFO - Crawling page: https://cyphers.nexon.com/article/tip?page=137
2024-09-09 17:25:35,150 - INFO - No links found with the keyword "탱커" in title on page 137.
2024-09-09 17:25:35,150 - INFO - Crawling page: https://cyphers.nexon.com/article/tip?page=138
2024-09-09 17:25:35,539 - INFO - Found URL: https://cyphers.nexon.com/article/tip/topic/27653349
2024-09-09 17:25:35,539 - INFO - Found URL: https://cyphers.nexon.com/article/tip/topic/27653317
2024-09-09 17:25:35,539 - INFO - Crawling page: https://cyphers.nexon.com/article/tip?page=139
2024-09-09 17:25:35,708 - INFO - No links found with the keyword "탱커" in title on page 139.
2024-09-09 17:25:35,709 - INFO - Crawling page: https://cyphers.nexon.com/article/tip?page=140
2024-09-09 17:25:35,775 - INFO - Found URL: https://cyphers.nexon.com/article/tip/topic/27636218
2024-09-09 17:25:35,775 - INFO - Crawling page: https://cyphers.nexon.com/article/tip?page=141
2024-09-09 17:25:35,952 - INFO - Found URL: https://cyphers.nexon.com/article/tip/topic/27617345
2024-09-09 17:25:35,953 - INFO - Found URL: https://cyphers.nexon.com/article/tip/topic/27617239
2024-09-09 17:25:35,953 - INFO - Found URL: https://cyphers.nexon.com/article/tip/topic/27610547
2024-09-09 17:25:35,953 - INFO - Crawling page: https://cyphers.nexon.com/article/tip?page=142
2024-09-09 17:25:36,378 - INFO - Found URL: https://cyphers.nexon.com/article/tip/topic/27599524
2024-09-09 17:25:36,378 - INFO - Crawling page: https://cyphers.nexon.com/article/tip?page=143
2024-09-09 17:25:36,570 - INFO - No links found with the keyword "탱커" in title on page 143.
2024-09-09 17:25:36,570 - INFO - Crawling page: https://cyphers.nexon.com/article/tip?page=144
2024-09-09 17:25:37,300 - INFO - No links found with the keyword "탱커" in title on page 144.
2024-09-09 17:25:37,301 - INFO - Crawling page: https://cyphers.nexon.com/article/tip?page=145
2024-09-09 17:25:37,788 - INFO - No links found with the keyword "탱커" in title on page 145.
2024-09-09 17:25:37,788 - INFO - Crawling page: https://cyphers.nexon.com/article/tip?page=146
2024-09-09 17:25:37,876 - INFO - No links found with the keyword "탱커" in title on page 146.
2024-09-09 17:25:37,876 - INFO - Crawling page: https://cyphers.nexon.com/article/tip?page=147
2024-09-09 17:25:38,332 - INFO - No links found with the keyword "탱커" in title on page 147.
2024-09-09 17:25:38,332 - INFO - Crawling page: https://cyphers.nexon.com/article/tip?page=148
2024-09-09 17:25:38,820 - INFO - No links found with the keyword "탱커" in title on page 148.
2024-09-09 17:25:38,820 - INFO - Crawling page: https://cyphers.nexon.com/article/tip?page=149
2024-09-09 17:25:39,225 - INFO - Found URL: https://cyphers.nexon.com/article/tip/topic/27553501
2024-09-09 17:25:39,225 - INFO - Crawling page: https://cyphers.nexon.com/article/tip?page=150
2024-09-09 17:25:39,290 - INFO - No links found with the keyword "탱커" in title on page 150.
2024-09-09 17:25:39,290 - INFO - Crawling page: https://cyphers.nexon.com/article/tip?page=151
2024-09-09 17:25:39,521 - INFO - No links found with the keyword "탱커" in title on page 151.
2024-09-09 17:25:39,521 - INFO - Crawling page: https://cyphers.nexon.com/article/tip?page=152
2024-09-09 17:25:39,701 - INFO - No links found with the keyword "탱커" in title on page 152.
2024-09-09 17:25:39,701 - INFO - Crawling page: https://cyphers.nexon.com/article/tip?page=153
2024-09-09 17:25:39,765 - INFO - No links found with the keyword "탱커" in title on page 153.
2024-09-09 17:25:39,766 - INFO - Crawling page: https://cyphers.nexon.com/article/tip?page=154
2024-09-09 17:25:39,831 - INFO - Found URL: https://cyphers.nexon.com/article/tip/topic/27483550
2024-09-09 17:25:39,831 - INFO - Crawling page: https://cyphers.nexon.com/article/tip?page=155
2024-09-09 17:25:40,179 - INFO - Found URL: https://cyphers.nexon.com/article/tip/topic/27470662
2024-09-09 17:25:40,180 - INFO - Found URL: https://cyphers.nexon.com/article/tip/topic/27470039
2024-09-09 17:25:40,180 - INFO - Crawling page: https://cyphers.nexon.com/article/tip?page=156
2024-09-09 17:25:40,696 - INFO - Found URL: https://cyphers.nexon.com/article/tip/topic/27464844
2024-09-09 17:25:40,697 - INFO - Crawling page: https://cyphers.nexon.com/article/tip?page=157
2024-09-09 17:25:40,956 - INFO - No links found with the keyword "탱커" in title on page 157.
2024-09-09 17:25:40,956 - INFO - Crawling page: https://cyphers.nexon.com/article/tip?page=158
2024-09-09 17:25:41,341 - INFO - No links found with the keyword "탱커" in title on page 158.
2024-09-09 17:25:41,342 - INFO - Crawling page: https://cyphers.nexon.com/article/tip?page=159
2024-09-09 17:25:41,585 - INFO - Found URL: https://cyphers.nexon.com/article/tip/topic/27455178
2024-09-09 17:25:41,586 - INFO - Crawling page: https://cyphers.nexon.com/article/tip?page=160
2024-09-09 17:25:42,091 - INFO - No links found with the keyword "탱커" in title on page 160.
2024-09-09 17:25:42,091 - INFO - Crawling page: https://cyphers.nexon.com/article/tip?page=161
2024-09-09 17:25:42,709 - INFO - No links found with the keyword "탱커" in title on page 161.
2024-09-09 17:25:42,709 - INFO - Crawling page: https://cyphers.nexon.com/article/tip?page=162
2024-09-09 17:25:43,165 - INFO - No links found with the keyword "탱커" in title on page 162.
2024-09-09 17:25:43,165 - INFO - Crawling page: https://cyphers.nexon.com/article/tip?page=163
2024-09-09 17:25:43,488 - INFO - Found URL: https://cyphers.nexon.com/article/tip/topic/27412444
2024-09-09 17:25:43,488 - INFO - Found URL: https://cyphers.nexon.com/article/tip/topic/27411591
2024-09-09 17:25:43,488 - INFO - Crawling page: https://cyphers.nexon.com/article/tip?page=164
2024-09-09 17:25:43,714 - INFO - Found URL: https://cyphers.nexon.com/article/tip/topic/27408432
2024-09-09 17:25:43,714 - INFO - Crawling page: https://cyphers.nexon.com/article/tip?page=165
2024-09-09 17:25:43,822 - INFO - Found URL: https://cyphers.nexon.com/article/tip/topic/27402980
2024-09-09 17:25:43,822 - INFO - Crawling page: https://cyphers.nexon.com/article/tip?page=166
2024-09-09 17:25:44,074 - INFO - No links found with the keyword "탱커" in title on page 166.
2024-09-09 17:25:44,074 - INFO - Crawling page: https://cyphers.nexon.com/article/tip?page=167
2024-09-09 17:25:44,221 - INFO - Found URL: https://cyphers.nexon.com/article/tip/topic/27390397
2024-09-09 17:25:44,222 - INFO - Crawling page: https://cyphers.nexon.com/article/tip?page=168
2024-09-09 17:25:44,583 - INFO - Found URL: https://cyphers.nexon.com/article/tip/topic/27379851
2024-09-09 17:25:44,583 - INFO - Crawling page: https://cyphers.nexon.com/article/tip?page=169
2024-09-09 17:25:44,645 - INFO - No links found with the keyword "탱커" in title on page 169.
2024-09-09 17:25:44,645 - INFO - Crawling page: https://cyphers.nexon.com/article/tip?page=170
2024-09-09 17:25:44,946 - INFO - No links found with the keyword "탱커" in title on page 170.
2024-09-09 17:25:44,946 - INFO - Crawling page: https://cyphers.nexon.com/article/tip?page=171
2024-09-09 17:25:45,150 - INFO - No links found with the keyword "탱커" in title on page 171.
2024-09-09 17:25:45,150 - INFO - Crawling page: https://cyphers.nexon.com/article/tip?page=172
2024-09-09 17:25:45,871 - INFO - No links found with the keyword "탱커" in title on page 172.
2024-09-09 17:25:45,871 - INFO - Crawling page: https://cyphers.nexon.com/article/tip?page=173
2024-09-09 17:25:46,339 - INFO - No links found with the keyword "탱커" in title on page 173.
2024-09-09 17:25:46,339 - INFO - Crawling page: https://cyphers.nexon.com/article/tip?page=174
2024-09-09 17:25:46,832 - INFO - Found URL: https://cyphers.nexon.com/article/tip/topic/27315288
2024-09-09 17:25:46,832 - INFO - Crawling page: https://cyphers.nexon.com/article/tip?page=175
2024-09-09 17:25:47,149 - INFO - Found URL: https://cyphers.nexon.com/article/tip/topic/27313646
2024-09-09 17:25:47,150 - INFO - Found URL: https://cyphers.nexon.com/article/tip/topic/27312799
2024-09-09 17:25:47,150 - INFO - Crawling page: https://cyphers.nexon.com/article/tip?page=176
2024-09-09 17:25:47,341 - INFO - No links found with the keyword "탱커" in title on page 176.
2024-09-09 17:25:47,341 - INFO - Crawling page: https://cyphers.nexon.com/article/tip?page=177
2024-09-09 17:25:47,629 - INFO - No links found with the keyword "탱커" in title on page 177.
2024-09-09 17:25:47,629 - INFO - Crawling page: https://cyphers.nexon.com/article/tip?page=178
2024-09-09 17:25:48,006 - INFO - No links found with the keyword "탱커" in title on page 178.
2024-09-09 17:25:48,006 - INFO - Crawling page: https://cyphers.nexon.com/article/tip?page=179
2024-09-09 17:25:48,325 - INFO - No links found with the keyword "탱커" in title on page 179.
2024-09-09 17:25:48,325 - INFO - Crawling page: https://cyphers.nexon.com/article/tip?page=180
2024-09-09 17:25:48,623 - INFO - Found URL: https://cyphers.nexon.com/article/tip/topic/27272682
2024-09-09 17:25:48,624 - INFO - Crawling page: https://cyphers.nexon.com/article/tip?page=181
2024-09-09 17:25:48,928 - INFO - Found URL: https://cyphers.nexon.com/article/tip/topic/27259975
2024-09-09 17:25:48,929 - INFO - Crawling page: https://cyphers.nexon.com/article/tip?page=182
2024-09-09 17:25:49,462 - INFO - No links found with the keyword "탱커" in title on page 182.
2024-09-09 17:25:49,463 - INFO - Crawling page: https://cyphers.nexon.com/article/tip?page=183
2024-09-09 17:25:49,790 - INFO - No links found with the keyword "탱커" in title on page 183.
2024-09-09 17:25:49,790 - INFO - Crawling page: https://cyphers.nexon.com/article/tip?page=184
2024-09-09 17:25:50,193 - INFO - Found URL: https://cyphers.nexon.com/article/tip/topic/27239114
2024-09-09 17:25:50,193 - INFO - Crawling page: https://cyphers.nexon.com/article/tip?page=185
2024-09-09 17:25:50,880 - INFO - No links found with the keyword "탱커" in title on page 185.
2024-09-09 17:25:50,880 - INFO - Crawling page: https://cyphers.nexon.com/article/tip?page=186
2024-09-09 17:25:51,214 - INFO - No links found with the keyword "탱커" in title on page 186.
2024-09-09 17:25:51,214 - INFO - Crawling page: https://cyphers.nexon.com/article/tip?page=187
2024-09-09 17:25:51,356 - INFO - Found URL: https://cyphers.nexon.com/article/tip/topic/27204149
2024-09-09 17:25:51,356 - INFO - Crawling page: https://cyphers.nexon.com/article/tip?page=188
2024-09-09 17:25:51,787 - INFO - Found URL: https://cyphers.nexon.com/article/tip/topic/27188510
2024-09-09 17:25:51,787 - INFO - Crawling page: https://cyphers.nexon.com/article/tip?page=189
2024-09-09 17:25:52,107 - INFO - Found URL: https://cyphers.nexon.com/article/tip/topic/27180764
2024-09-09 17:25:52,107 - INFO - Crawling page: https://cyphers.nexon.com/article/tip?page=190
2024-09-09 17:25:52,402 - INFO - No links found with the keyword "탱커" in title on page 190.
2024-09-09 17:25:52,402 - INFO - Crawling page: https://cyphers.nexon.com/article/tip?page=191
2024-09-09 17:25:52,624 - INFO - No links found with the keyword "탱커" in title on page 191.
2024-09-09 17:25:52,624 - INFO - Crawling page: https://cyphers.nexon.com/article/tip?page=192
2024-09-09 17:25:53,029 - INFO - No links found with the keyword "탱커" in title on page 192.
2024-09-09 17:25:53,029 - INFO - Crawling page: https://cyphers.nexon.com/article/tip?page=193
2024-09-09 17:25:53,095 - INFO - No links found with the keyword "탱커" in title on page 193.
2024-09-09 17:25:53,095 - INFO - Crawling page: https://cyphers.nexon.com/article/tip?page=194
2024-09-09 17:25:53,485 - INFO - No links found with the keyword "탱커" in title on page 194.
2024-09-09 17:25:53,485 - INFO - Crawling page: https://cyphers.nexon.com/article/tip?page=195
2024-09-09 17:25:53,654 - INFO - No links found with the keyword "탱커" in title on page 195.
2024-09-09 17:25:53,654 - INFO - Crawling page: https://cyphers.nexon.com/article/tip?page=196
2024-09-09 17:25:54,066 - INFO - No links found with the keyword "탱커" in title on page 196.
2024-09-09 17:25:54,066 - INFO - Crawling page: https://cyphers.nexon.com/article/tip?page=197
2024-09-09 17:25:54,193 - INFO - No links found with the keyword "탱커" in title on page 197.
2024-09-09 17:25:54,193 - INFO - Crawling page: https://cyphers.nexon.com/article/tip?page=198
2024-09-09 17:25:54,454 - INFO - No links found with the keyword "탱커" in title on page 198.
2024-09-09 17:25:54,454 - INFO - Crawling page: https://cyphers.nexon.com/article/tip?page=199
2024-09-09 17:25:54,904 - INFO - Found URL: https://cyphers.nexon.com/article/tip/topic/27132785
2024-09-09 17:25:54,904 - INFO - Found URL: https://cyphers.nexon.com/article/tip/topic/27132468
2024-09-09 17:25:54,905 - INFO - Found URL: https://cyphers.nexon.com/article/tip/topic/27132203
2024-09-09 17:25:54,905 - INFO - Found URL: https://cyphers.nexon.com/article/tip/topic/27124249
2024-09-09 17:25:54,905 - INFO - Crawling page: https://cyphers.nexon.com/article/tip?page=200
2024-09-09 17:25:55,372 - INFO - Found URL: https://cyphers.nexon.com/article/tip/topic/27122681
2024-09-09 17:25:55,372 - INFO - Found URL: https://cyphers.nexon.com/article/tip/topic/27113817
